
进度日志

2017-10-13 23:28
1.修复了登录和注册部分问题
2.完成个人中心“基本信息”和“密码修改”的页面渲染
3.升级自定义前端UI组件，命名为YUI，组件独立化，包含消息提示框和加载提示框，改善组件使用方式
4.ajax 请求使用 abort() 终止，解决了用户个人中心选项卡切换频繁混乱的问题



2017-10-14 16:08
1.完成个人中心“基本信息”修改和“密码修改”功能



2017-10-15 16:00
1.初步完成个人中心“我的提问”的读取，提问的发布
2.初步完成个人中心“我的回答”的读取



2017-10-20 10:38
1.初步完成分页组件雏形，包括“上一页”、“页码”、“下一页”
2.初步完成个人中心“我的提问”分页功能



2017-10-21 18:03
1.完成个人中心“我的提问”和“我的回答”分页功能



2017-10-22 16:49
1.初步完成问题/答案页
2.将所有SQL参数用 addslashes() 过滤



2017-10-27 17:40
1.初步完成主页



2017-10-28 11:04
1.初步完成 v0.1 版，进入测试阶段。



2017-11-14 18:44
1.新增 Redis 技术