
漏洞修复日志

2017-10-12 11:20
1.修复注销后域名重定向问题（用户注销时，仅当前页在个人中心页实现跳转）
2.修复注册功能无法二次使用问题（注册功能请求状态值 isRequest 错误重置）
3.修复 PHP5.3 以下版本框架路径问题（常量__DIR__ 改成函数 dirname(__FILE__)）
4.修复 PHP5.3 以下版本数组创建问题 ($arr=[] ==> $arr=array()）



2017-10-14 11:21
1.修复消息提示框居中问题
2.修复YUI组件重叠问题，优化组件功能



2017-10-21 16:49
1.修复YUI分页组件切换问题，优化组件。



2017-10-22 16::41
1.修复文档读取漏洞（2017-10-21 23:29*1）
2.修复提问发布漏洞



2017-10-23 11:21
1.修复主页最新排序漏洞



2017-10-27 21:53
1.修复分页组件页码混乱漏洞



2017-10-28 10:13
1.修复内容页分页组件初始化错误（PHP返回值 0 时，空串问题）
2.修复主页在线用户统计问题（Cookie判断出错）